<?xml version="1.0" encoding="utf-8" ?>
<!DOCTYPE html PUBLIC "-//W3C//DTD XHTML 1.0 Strict//EN"
        "http://www.w3.org/TR/xhtml1/DTD/xhtml1-strict.dtd">
<html xmlns="http://www.w3.org/1999/xhtml" xml:lang="" lang="">
<head>
  <title>Test Results Report - Sanity Test</title>
  <meta http-equiv="Content-Type" content="text/html;charset=utf-8" />
  <meta name="description" content="TestNG unit test results." />
  <link href="reportng.css" rel="stylesheet" type="text/css" />
    <script type="text/javascript" src="reportng.js"></script>
</head>
<body>
<h1>Sanity Test</h1>
<p>
  Test duration: 43.137s
</p>



  <table class="resultsTable">
    <tr><th colspan="3" class="header failed">Failed Tests</th></tr>
          <tr>
        <td colspan="3" class="group">com.luma.testsuite.GearTest</td>
      </tr>
            
<tr>
  <td class="method">
                  userShouldAddProductSuccessFullyToShoppingCart
      </td>
  <td class="duration">
    20.294s
  </td>
  <td class="result">
        
    
            <div class="testOutput">
                        Mouse Hovering On Gear Menu [[ChromeDriver: chrome on WINDOWS (e6a0b2bfb21174d7a69c938680168c0a)] -&gt; xpath: //span[normalize-space()=&apos;Gear&apos;]]<br />
                                Clicking On Bags [[ChromeDriver: chrome on WINDOWS (e6a0b2bfb21174d7a69c938680168c0a)] -&gt; xpath: //span[normalize-space()=&apos;Bags&apos;]]<br />
                  </div>
    

        <a href="javascript:toggleElement('exception-0', 'block')" title="Click to expand/collapse"><b>org.openqa.selenium.ElementNotInteractableException: element not interactable<br/>
&nbsp; (Session info: chrome=112.0.5615.138)<br/>
Build info: version: &apos;4.9.0&apos;, revision: &apos;d7057100a6&apos;<br/>
System info: os.name: &apos;Windows 10&apos;, os.arch: &apos;amd64&apos;, os.version: &apos;10.0&apos;, java.version: &apos;1.8.0_121&apos;<br/>
Driver info: org.openqa.selenium.chrome.ChromeDriver<br/>
Command: [e6a0b2bfb21174d7a69c938680168c0a, clickElement {id=3e2eed98-9669-4c2e-9fd3-60bb41871445}]<br/>
Capabilities {acceptInsecureCerts: false, browserName: chrome, browserVersion: 112.0.5615.138, chrome: {chromedriverVersion: 112.0.5615.49 (bd2a7bcb881c..., userDataDir: C:\Users\Roope\AppData\Loca...}, goog:chromeOptions: {debuggerAddress: localhost:60144}, networkConnectionEnabled: false, pageLoadStrategy: normal, platformName: WINDOWS, proxy: Proxy(), se:cdp: ws://localhost:60144/devtoo..., se:cdpVersion: 112.0.5615.138, setWindowRect: true, strictFileInteractability: false, timeouts: {implicit: 0, pageLoad: 300000, script: 30000}, unhandledPromptBehavior: dismiss and notify, webauthn:extension:credBlob: true, webauthn:extension:largeBlob: true, webauthn:extension:minPinLength: true, webauthn:extension:prf: true, webauthn:virtualAuthenticators: true}<br/>
Element: [[ChromeDriver: chrome on WINDOWS (e6a0b2bfb21174d7a69c938680168c0a)] -&gt; xpath: //span[normalize-space()=&apos;Bags&apos;]]<br/>
Session ID: e6a0b2bfb21174d7a69c938680168c0a</b></a><br />
    <div class="stackTrace" id="exception-0">
              sun.reflect.NativeConstructorAccessorImpl.newInstance0(Native Method)<br />
              sun.reflect.NativeConstructorAccessorImpl.newInstance(NativeConstructorAccessorImpl.java:62)<br />
              sun.reflect.DelegatingConstructorAccessorImpl.newInstance(DelegatingConstructorAccessorImpl.java:45)<br />
              java.lang.reflect.Constructor.newInstance(Constructor.java:423)<br />
              org.openqa.selenium.remote.codec.w3c.W3CHttpResponseCodec.createException(W3CHttpResponseCodec.java:200)<br />
              org.openqa.selenium.remote.codec.w3c.W3CHttpResponseCodec.decode(W3CHttpResponseCodec.java:133)<br />
              org.openqa.selenium.remote.codec.w3c.W3CHttpResponseCodec.decode(W3CHttpResponseCodec.java:53)<br />
              org.openqa.selenium.remote.HttpCommandExecutor.execute(HttpCommandExecutor.java:193)<br />
              org.openqa.selenium.remote.service.DriverCommandExecutor.invokeExecute(DriverCommandExecutor.java:183)<br />
              org.openqa.selenium.remote.service.DriverCommandExecutor.execute(DriverCommandExecutor.java:158)<br />
              org.openqa.selenium.remote.RemoteWebDriver.execute(RemoteWebDriver.java:543)<br />
              org.openqa.selenium.remote.RemoteWebElement.execute(RemoteWebElement.java:257)<br />
              org.openqa.selenium.remote.RemoteWebElement.click(RemoteWebElement.java:78)<br />
              sun.reflect.NativeMethodAccessorImpl.invoke0(Native Method)<br />
              sun.reflect.NativeMethodAccessorImpl.invoke(NativeMethodAccessorImpl.java:62)<br />
              sun.reflect.DelegatingMethodAccessorImpl.invoke(DelegatingMethodAccessorImpl.java:43)<br />
              java.lang.reflect.Method.invoke(Method.java:498)<br />
              org.openqa.selenium.support.pagefactory.internal.LocatingElementHandler.invoke(LocatingElementHandler.java:52)<br />
              com.sun.proxy.$Proxy15.click(Unknown Source)<br />
              com.luma.utility.Utility.clickOnElement(Utility.java:53)<br />
              com.luma.pages.HomePage.clickOnBags(HomePage.java:85)<br />
              com.luma.testsuite.GearTest.userShouldAddProductSuccessFullyToShoppingCart(GearTest.java:29)<br />
              sun.reflect.NativeMethodAccessorImpl.invoke0(Native Method)<br />
              sun.reflect.NativeMethodAccessorImpl.invoke(NativeMethodAccessorImpl.java:62)<br />
              sun.reflect.DelegatingMethodAccessorImpl.invoke(DelegatingMethodAccessorImpl.java:43)<br />
              java.lang.reflect.Method.invoke(Method.java:498)<br />
              org.testng.internal.invokers.MethodInvocationHelper.invokeMethod(MethodInvocationHelper.java:135)<br />
              org.testng.internal.invokers.TestInvoker.invokeMethod(TestInvoker.java:673)<br />
              org.testng.internal.invokers.TestInvoker.invokeTestMethod(TestInvoker.java:220)<br />
              org.testng.internal.invokers.MethodRunner.runInSequence(MethodRunner.java:50)<br />
              org.testng.internal.invokers.TestInvoker$MethodInvocationAgent.invoke(TestInvoker.java:945)<br />
              org.testng.internal.invokers.TestInvoker.invokeTestMethods(TestInvoker.java:193)<br />
              org.testng.internal.invokers.TestMethodWorker.invokeTestMethods(TestMethodWorker.java:146)<br />
              org.testng.internal.invokers.TestMethodWorker.run(TestMethodWorker.java:128)<br />
              java.util.ArrayList.forEach(ArrayList.java:1249)<br />
              org.testng.TestRunner.privateRun(TestRunner.java:808)<br />
              org.testng.TestRunner.run(TestRunner.java:603)<br />
              org.testng.SuiteRunner.runTest(SuiteRunner.java:429)<br />
              org.testng.SuiteRunner.runSequentially(SuiteRunner.java:423)<br />
              org.testng.SuiteRunner.privateRun(SuiteRunner.java:383)<br />
              org.testng.SuiteRunner.run(SuiteRunner.java:326)<br />
              org.testng.SuiteRunnerWorker.runSuite(SuiteRunnerWorker.java:52)<br />
              org.testng.SuiteRunnerWorker.run(SuiteRunnerWorker.java:95)<br />
              org.testng.TestNG.runSuitesSequentially(TestNG.java:1249)<br />
              org.testng.TestNG.runSuitesLocally(TestNG.java:1169)<br />
              org.testng.TestNG.runSuites(TestNG.java:1092)<br />
              org.testng.TestNG.run(TestNG.java:1060)<br />
              com.intellij.rt.testng.IDEARemoteTestNG.run(IDEARemoteTestNG.java:66)<br />
              com.intellij.rt.testng.RemoteTestNGStarter.main(RemoteTestNGStarter.java:109)<br />
                </div>
      </td>
</tr>
          <tr>
        <td colspan="3" class="group">com.luma.testsuite.WomensJacketsTest</td>
      </tr>
            
<tr>
  <td class="method">
                  verifyTheSortByProductNameFilter
      </td>
  <td class="duration">
    3.516s
  </td>
  <td class="result">
        
    
            <div class="testOutput">
                        Mouse Hovering On Womens Menu [[ChromeDriver: chrome on WINDOWS (4c26cafe2b9560d5a15808c0eeeaeeb1)] -&gt; xpath: //a[@id=&apos;ui-id-4&apos;]//span[@class=&apos;ui-menu-icon ui-icon ui-icon-carat-1-e&apos;]]<br />
                                Mouse Hovering On Tops Menu [[ChromeDriver: chrome on WINDOWS (4c26cafe2b9560d5a15808c0eeeaeeb1)] -&gt; xpath: //a[@id=&apos;ui-id-9&apos;]]<br />
                                Clicking On Jackets [[ChromeDriver: chrome on WINDOWS (4c26cafe2b9560d5a15808c0eeeaeeb1)] -&gt; xpath: //a[@id=&apos;ui-id-11&apos;]]<br />
                                Selecting Products&apos; Name Product Name From Drop Down [[ChromeDriver: chrome on WINDOWS (4c26cafe2b9560d5a15808c0eeeaeeb1)] -&gt; xpath: //strong[@class = &apos;product name product-item-name&apos;]]<br />
                                Storing And Sorting Products [[ChromeDriver: chrome on WINDOWS (4c26cafe2b9560d5a15808c0eeeaeeb1)] -&gt; xpath: //strong[@class = &apos;product name product-item-name&apos;]]<br />
                  </div>
    

        <a href="javascript:toggleElement('exception-1', 'block')" title="Click to expand/collapse"><b>java.lang.ClassCastException: com.sun.proxy.$Proxy15 cannot be cast to org.openqa.selenium.By</b></a><br />
    <div class="stackTrace" id="exception-1">
              com.luma.pages.WomensJacketsPage.getProductList1(WomensJacketsPage.java:40)<br />
              com.luma.testsuite.WomensJacketsTest.verifyTheSortByProductNameFilter(WomensJacketsTest.java:27)<br />
              sun.reflect.NativeMethodAccessorImpl.invoke0(Native Method)<br />
              sun.reflect.NativeMethodAccessorImpl.invoke(NativeMethodAccessorImpl.java:62)<br />
              sun.reflect.DelegatingMethodAccessorImpl.invoke(DelegatingMethodAccessorImpl.java:43)<br />
              java.lang.reflect.Method.invoke(Method.java:498)<br />
              org.testng.internal.invokers.MethodInvocationHelper.invokeMethod(MethodInvocationHelper.java:135)<br />
              org.testng.internal.invokers.TestInvoker.invokeMethod(TestInvoker.java:673)<br />
              org.testng.internal.invokers.TestInvoker.invokeTestMethod(TestInvoker.java:220)<br />
              org.testng.internal.invokers.MethodRunner.runInSequence(MethodRunner.java:50)<br />
              org.testng.internal.invokers.TestInvoker$MethodInvocationAgent.invoke(TestInvoker.java:945)<br />
              org.testng.internal.invokers.TestInvoker.invokeTestMethods(TestInvoker.java:193)<br />
              org.testng.internal.invokers.TestMethodWorker.invokeTestMethods(TestMethodWorker.java:146)<br />
              org.testng.internal.invokers.TestMethodWorker.run(TestMethodWorker.java:128)<br />
              java.util.ArrayList.forEach(ArrayList.java:1249)<br />
              org.testng.TestRunner.privateRun(TestRunner.java:808)<br />
              org.testng.TestRunner.run(TestRunner.java:603)<br />
              org.testng.SuiteRunner.runTest(SuiteRunner.java:429)<br />
              org.testng.SuiteRunner.runSequentially(SuiteRunner.java:423)<br />
              org.testng.SuiteRunner.privateRun(SuiteRunner.java:383)<br />
              org.testng.SuiteRunner.run(SuiteRunner.java:326)<br />
              org.testng.SuiteRunnerWorker.runSuite(SuiteRunnerWorker.java:52)<br />
              org.testng.SuiteRunnerWorker.run(SuiteRunnerWorker.java:95)<br />
              org.testng.TestNG.runSuitesSequentially(TestNG.java:1249)<br />
              org.testng.TestNG.runSuitesLocally(TestNG.java:1169)<br />
              org.testng.TestNG.runSuites(TestNG.java:1092)<br />
              org.testng.TestNG.run(TestNG.java:1060)<br />
              com.intellij.rt.testng.IDEARemoteTestNG.run(IDEARemoteTestNG.java:66)<br />
              com.intellij.rt.testng.RemoteTestNGStarter.main(RemoteTestNGStarter.java:109)<br />
                </div>
      </td>
</tr>
      </table>


  <table class="resultsTable">
    <tr><th colspan="3" class="header passed">Passed Tests</th></tr>
          <tr>
        <td colspan="3" class="group">com.luma.testsuite.MenTest</td>
      </tr>
            
<tr>
  <td class="method">
                  userShouldAddProductSuccessFullyToShoppingCart
      </td>
  <td class="duration">
    5.867s
  </td>
  <td class="result">
        
    
            <div class="testOutput">
                        Mouse Hovering On Men Menu [[ChromeDriver: chrome on WINDOWS (4013355b92a1b56675907fef216483f6)] -&gt; xpath: //a[@id=&apos;ui-id-5&apos;]]<br />
                                Mouse Hovering On Bottoms Menu [[ChromeDriver: chrome on WINDOWS (4013355b92a1b56675907fef216483f6)] -&gt; xpath: //a[@id=&apos;ui-id-18&apos;]//span[contains(text(),&apos;Bottoms&apos;)]]<br />
                                Clicking On Pants [[ChromeDriver: chrome on WINDOWS (4013355b92a1b56675907fef216483f6)] -&gt; xpath: //a[@id=&apos;ui-id-23&apos;]//span[contains(text(),&apos;Pants&apos;)]]<br />
                                Mouse Hovering On Cronus Yoga Pant [[ChromeDriver: chrome on WINDOWS (4013355b92a1b56675907fef216483f6)] -&gt; xpath: //a[normalize-space()=&apos;Cronus Yoga Pant&apos;]]<br />
                                Clicking On Size [[ChromeDriver: chrome on WINDOWS (4013355b92a1b56675907fef216483f6)] -&gt; xpath: //div[@class=&apos;swatch-opt-880&apos;]//div[@id=&apos;option-label-size-143-item-175&apos;]]<br />
                                Clicking On Colour [[ChromeDriver: chrome on WINDOWS (4013355b92a1b56675907fef216483f6)] -&gt; xpath: //div[@class=&apos;swatch-opt-880&apos;]//div[@id=&apos;option-label-color-93-item-49&apos;]]<br />
                                Clicking On Add To Cart [[ChromeDriver: chrome on WINDOWS (4013355b92a1b56675907fef216483f6)] -&gt; xpath: //body[1]/div[1]/main[1]/div[3]/div[1]/div[3]/ol[1]/li[1]/div[1]/div[1]/div[3]/div[1]/div[1]/form[1]/button[1]/span[1]]<br />
                                Getting Add To Cart Text [[ChromeDriver: chrome on WINDOWS (4013355b92a1b56675907fef216483f6)] -&gt; xpath: //div[@data-bind=&apos;html: $parent.prepareMessageForHtml(message.text)&apos;]]<br />
                                Clicking On Shopping Cart [[ChromeDriver: chrome on WINDOWS (4013355b92a1b56675907fef216483f6)] -&gt; xpath: //a[normalize-space()=&apos;shopping cart&apos;]]<br />
                                Getting Cronus Yoga Pant Text [[ChromeDriver: chrome on WINDOWS (4013355b92a1b56675907fef216483f6)] -&gt; xpath: //td[@class=&apos;col item&apos;]//a[normalize-space()=&apos;Cronus Yoga Pant&apos;]]<br />
                                Getting Size Text [[ChromeDriver: chrome on WINDOWS (4013355b92a1b56675907fef216483f6)] -&gt; xpath: //dd[contains(text(),&apos;32&apos;)]]<br />
                                Getting Colour Text [[ChromeDriver: chrome on WINDOWS (4013355b92a1b56675907fef216483f6)] -&gt; xpath: //dd[contains(text(),&apos;Black&apos;)]]<br />
                  </div>
    

      </td>
</tr>
      </table>
  
</body>
</html>
